2021-06-30 11:00:10,708 - mmedit - INFO - Environment info:
------------------------------------------------------------
sys.platform: linux
Python: 3.7.10 (default, Jun  4 2021, 14:48:32) [GCC 7.5.0]
CUDA available: True
GPU 0,1: NVIDIA GeForce RTX 3090
CUDA_HOME: /usr/local/cuda
NVCC: Build cuda_11.3.r11.3/compiler.29920130_0
GCC: gcc (Ubuntu 9.3.0-17ubuntu1~20.04) 9.3.0
PyTorch: 1.9.0
PyTorch compiling details: PyTorch built with:
  - GCC 7.3
  - C++ Version: 201402
  - Intel(R) oneAPI Math Kernel Library Version 2021.2-Product Build 20210312 for Intel(R) 64 architecture applications
  - Intel(R) MKL-DNN v2.1.2 (Git Hash 98be7e8afa711dc9b66c8ff3504129cb82013cdb)
  - OpenMP 201511 (a.k.a. OpenMP 4.5)
  - NNPACK is enabled
  - CPU capability usage: AVX2
  - CUDA Runtime 11.1
  - NVCC architecture flags: -gencode;arch=compute_37,code=sm_37;-gencode;arch=compute_50,code=sm_50;-gencode;arch=compute_60,code=sm_60;-gencode;arch=compute_61,code=sm_61;-gencode;arch=compute_70,code=sm_70;-gencode;arch=compute_75,code=sm_75;-gencode;arch=compute_80,code=sm_80;-gencode;arch=compute_86,code=sm_86;-gencode;arch=compute_37,code=compute_37
  - CuDNN 8.0.5
  - Magma 2.5.2
  - Build settings: BLAS_INFO=mkl, BUILD_TYPE=Release, CUDA_VERSION=11.1, CUDNN_VERSION=8.0.5, CXX_COMPILER=/opt/rh/devtoolset-7/root/usr/bin/c++, CXX_FLAGS= -Wno-deprecated -fvisibility-inlines-hidden -DUSE_PTHREADPOOL -fopenmp -DNDEBUG -DUSE_KINETO -DUSE_FBGEMM -DUSE_QNNPACK -DUSE_PYTORCH_QNNPACK -DUSE_XNNPACK -DSYMBOLICATE_MOBILE_DEBUG_HANDLE -O2 -fPIC -Wno-narrowing -Wall -Wextra -Werror=return-type -Wno-missing-field-initializers -Wno-type-limits -Wno-array-bounds -Wno-unknown-pragmas -Wno-sign-compare -Wno-unused-parameter -Wno-unused-variable -Wno-unused-function -Wno-unused-result -Wno-unused-local-typedefs -Wno-strict-overflow -Wno-strict-aliasing -Wno-error=deprecated-declarations -Wno-stringop-overflow -Wno-psabi -Wno-error=pedantic -Wno-error=redundant-decls -Wno-error=old-style-cast -fdiagnostics-color=always -faligned-new -Wno-unused-but-set-variable -Wno-maybe-uninitialized -fno-math-errno -fno-trapping-math -Werror=format -Wno-stringop-overflow, LAPACK_INFO=mkl, PERF_WITH_AVX=1, PERF_WITH_AVX2=1, PERF_WITH_AVX512=1, TORCH_VERSION=1.9.0, USE_CUDA=ON, USE_CUDNN=ON, USE_EXCEPTION_PTR=1, USE_GFLAGS=OFF, USE_GLOG=OFF, USE_MKL=ON, USE_MKLDNN=ON, USE_MPI=OFF, USE_NCCL=ON, USE_NNPACK=ON, USE_OPENMP=ON, 

TorchVision: 0.10.0
OpenCV: 4.5.2
MMCV: 1.3.8
MMCV Compiler: GCC 9.3
MMCV CUDA Compiler: 11.3
MMEditing: 0.8.0+unknown
------------------------------------------------------------

2021-06-30 11:00:10,708 - mmedit - INFO - Distributed training: True
2021-06-30 11:00:10,708 - mmedit - INFO - mmedit Version: 0.8.0
2021-06-30 11:00:10,708 - mmedit - INFO - Config:
/home/icsp/PycharmProjects/VSR/mmediting-master/configs/restorers/basicvsr/basicvsr_reds4.py
exp_name = 'basicvsr_reds4'

# model settings
model = dict(
    type='BasicVSR',
    generator=dict(
        type='BasicVSRNet',
        mid_channels=64,
        num_blocks=30,
        spynet_pretrained='https://download.openmmlab.com/mmediting/restorers/'
        'basicvsr/spynet_20210409-c6c1bd09.pth'),
    pixel_loss=dict(type='CharbonnierLoss', loss_weight=1.0, reduction='mean'))
# model training and testing settings
train_cfg = dict(fix_iter=5000)
test_cfg = dict(metrics=['PSNR', 'SSIM'], crop_border=0)

# dataset settings
train_dataset_type = 'SRREDSMultipleGTDataset'
val_dataset_type = 'SRREDSMultipleGTDataset'

train_pipeline = [
    dict(type='GenerateSegmentIndices', interval_list=[1]),
    dict(type='TemporalReverse', keys='lq_path', reverse_ratio=0),
    dict(
        type='LoadImageFromFileList',
        io_backend='disk',
        key='lq',
        channel_order='rgb'),
    dict(
        type='LoadImageFromFileList',
        io_backend='disk',
        key='gt',
        channel_order='rgb'),
    dict(type='RescaleToZeroOne', keys=['lq', 'gt']),
    dict(type='PairedRandomCrop', gt_patch_size=256),
    dict(
        type='Flip', keys=['lq', 'gt'], flip_ratio=0.5,
        direction='horizontal'),
    dict(type='Flip', keys=['lq', 'gt'], flip_ratio=0.5, direction='vertical'),
    dict(type='RandomTransposeHW', keys=['lq', 'gt'], transpose_ratio=0.5),
    dict(type='FramesToTensor', keys=['lq', 'gt']),
    dict(type='Collect', keys=['lq', 'gt'], meta_keys=['lq_path', 'gt_path'])
]

test_pipeline = [
    dict(type='GenerateSegmentIndices', interval_list=[1]),
    dict(
        type='LoadImageFromFileList',
        io_backend='disk',
        key='lq',
        channel_order='rgb'),
    dict(
        type='LoadImageFromFileList',
        io_backend='disk',
        key='gt',
        channel_order='rgb'),
    dict(type='RescaleToZeroOne', keys=['lq', 'gt']),
    dict(type='FramesToTensor', keys=['lq', 'gt']),
    dict(
        type='Collect',
        keys=['lq', 'gt'],
        meta_keys=['lq_path', 'gt_path', 'key'])
]

data = dict(
    workers_per_gpu=6,
    train_dataloader=dict(samples_per_gpu=4, drop_last=True),  # 2 gpus
    val_dataloader=dict(samples_per_gpu=1),
    test_dataloader=dict(samples_per_gpu=1, workers_per_gpu=1),

    # train
    train=dict(
        type='RepeatDataset',
        times=1000,
        dataset=dict(
            type=train_dataset_type,
            lq_folder='data/REDS/train_sharp_bicubic/X4',
            gt_folder='data/REDS/train_sharp',
            num_input_frames=15,
            pipeline=train_pipeline,
            scale=4,
            val_partition='REDS4',
            test_mode=False)),
    # val
    val=dict(
        type=val_dataset_type,
        lq_folder='data/REDS/train_sharp_bicubic/X4',
        gt_folder='data/REDS/train_sharp',
        num_input_frames=100,
        pipeline=test_pipeline,
        scale=4,
        val_partition='REDS4',
        test_mode=True),
    # test
    test=dict(
        type=val_dataset_type,
        lq_folder='data/REDS/train_sharp_bicubic/X4',
        gt_folder='data/REDS/train_sharp',
        num_input_frames=100,
        pipeline=test_pipeline,
        scale=4,
        val_partition='REDS4',
        test_mode=True),
)

# optimizer
optimizers = dict(
    generator=dict(
        type='Adam',
        lr=2e-4,
        betas=(0.9, 0.99),
        paramwise_cfg=dict(custom_keys={'spynet': dict(lr_mult=0.125)})))

# learning policy
total_iters = 300000
lr_config = dict(
    policy='CosineRestart',
    by_epoch=False,
    periods=[300000],
    restart_weights=[1],
    min_lr=1e-7)

checkpoint_config = dict(interval=5000, save_optimizer=True, by_epoch=False)
# remove gpu_collect=True in non distributed training
evaluation = dict(interval=5000, save_image=False, gpu_collect=True)
log_config = dict(
    interval=100,
    hooks=[
        dict(type='TextLoggerHook', by_epoch=False),
        # dict(type='TensorboardLoggerHook'),
    ])
visual_config = None

# runtime settings
dist_params = dict(backend='nccl')
log_level = 'INFO'
work_dir = f'./work_dirs/{exp_name}'
load_from = None
resume_from = None
workflow = [('train', 1)]
find_unused_parameters = True
2021-06-30 11:00:10,725 - mmedit - INFO - Use load_from_http loader
2021-06-30 11:00:12,371 - mmedit - INFO - Start running, host: icsp@icsp, work_dir: /home/icsp/PycharmProjects/VSR/mmediting-master/tools/work_dirs/basicvsr_reds4
2021-06-30 11:00:12,371 - mmedit - INFO - Hooks will be executed in the following order:
before_run:
(VERY_HIGH   ) CosineRestartLrUpdaterHook         
(NORMAL      ) CheckpointHook                     
(VERY_LOW    ) TextLoggerHook                     
 -------------------- 
before_train_epoch:
(VERY_HIGH   ) CosineRestartLrUpdaterHook         
(NORMAL      ) IterTimerHook                      
(VERY_LOW    ) TextLoggerHook                     
 -------------------- 
before_train_iter:
(VERY_HIGH   ) CosineRestartLrUpdaterHook         
(NORMAL      ) IterTimerHook                      
 -------------------- 
after_train_iter:
(NORMAL      ) CheckpointHook                     
(NORMAL      ) IterTimerHook                      
(NORMAL      ) DistEvalIterHook                   
(VERY_LOW    ) TextLoggerHook                     
 -------------------- 
after_train_epoch:
(NORMAL      ) CheckpointHook                     
(VERY_LOW    ) TextLoggerHook                     
 -------------------- 
before_val_epoch:
(NORMAL      ) IterTimerHook                      
(VERY_LOW    ) TextLoggerHook                     
 -------------------- 
before_val_iter:
(NORMAL      ) IterTimerHook                      
 -------------------- 
after_val_iter:
(NORMAL      ) IterTimerHook                      
 -------------------- 
after_val_epoch:
(VERY_LOW    ) TextLoggerHook                     
 -------------------- 
2021-06-30 11:00:12,372 - mmedit - INFO - workflow: [('train', 1)], max: 300000 iters
